TN:
SF:models\index.js
FN:20,(anonymous_0)
FN:23,(anonymous_1)
FN:28,(anonymous_2)
FNF:3
FNH:3
FNDA:6,(anonymous_0)
FNDA:4,(anonymous_1)
FNDA:4,(anonymous_2)
DA:3,2
DA:4,2
DA:5,2
DA:6,2
DA:7,2
DA:8,2
DA:9,2
DA:12,2
DA:13,0
DA:15,2
DA:18,2
DA:21,6
DA:24,4
DA:25,4
DA:28,2
DA:29,4
DA:30,4
DA:34,2
DA:35,2
DA:37,2
LF:20
LH:19
BRDA:7,0,0,2
BRDA:7,0,1,0
BRDA:12,1,0,0
BRDA:12,1,1,2
BRDA:21,2,0,6
BRDA:21,2,1,6
BRDA:21,2,2,4
BRDA:29,3,0,4
BRDA:29,3,1,0
BRF:9
BRH:6
end_of_record
TN:
SF:models\posts.js
FN:5,(anonymous_0)
FN:12,(anonymous_1)
FNF:2
FNH:2
FNDA:2,(anonymous_0)
FNDA:2,(anonymous_1)
DA:4,2
DA:5,2
DA:16,2
DA:25,2
LF:4
LH:4
BRF:0
BRH:0
end_of_record
TN:
SF:models\users.js
FN:5,(anonymous_0)
FN:12,(anonymous_1)
FNF:2
FNH:2
FNDA:2,(anonymous_0)
FNDA:2,(anonymous_1)
DA:4,2
DA:5,2
DA:16,2
DA:26,2
LF:4
LH:4
BRF:0
BRH:0
end_of_record
TN:
SF:repositories\postsRepository.js
FN:6,(anonymous_0)
FN:22,(anonymous_1)
FN:28,(anonymous_2)
FN:40,(anonymous_3)
FN:52,(anonymous_4)
FNF:5
FNH:5
FNDA:5,(anonymous_0)
FNDA:1,(anonymous_1)
FNDA:2,(anonymous_2)
FNDA:4,(anonymous_3)
FNDA:1,(anonymous_4)
DA:3,2
DA:12,5
DA:19,5
DA:23,1
DA:25,1
DA:31,2
DA:37,1
DA:43,4
DA:49,4
DA:58,1
DA:68,1
DA:72,2
LF:12
LH:12
BRF:0
BRH:0
end_of_record
TN:
SF:services\postsService.js
FN:4,(anonymous_0)
FN:59,(anonymous_1)
FN:92,(anonymous_2)
FN:108,(anonymous_3)
FN:121,(anonymous_4)
FNF:5
FNH:1
FNDA:0,(anonymous_0)
FNDA:0,(anonymous_1)
FNDA:1,(anonymous_2)
FNDA:0,(anonymous_3)
FNDA:0,(anonymous_4)
DA:1,1
DA:10,0
DA:11,0
DA:21,0
DA:22,0
DA:32,0
DA:33,0
DA:42,0
DA:49,0
DA:63,0
DA:67,0
DA:68,0
DA:72,0
DA:81,0
DA:95,1
DA:98,0
DA:109,0
DA:111,0
DA:128,0
DA:132,0
DA:133,0
DA:140,0
DA:149,0
DA:161,1
LF:24
LH:3
BRDA:10,0,0,0
BRDA:10,0,1,0
BRDA:21,1,0,0
BRDA:21,1,1,0
BRDA:32,2,0,0
BRDA:32,2,1,0
BRDA:67,3,0,0
BRDA:67,3,1,0
BRDA:132,4,0,0
BRDA:132,4,1,0
BRF:10
BRH:0
end_of_record
